<?xml version="1.0" encoding="UTF-8"?>
<!-- Generated by org.testng.reporters.JUnitXMLReporter -->
<testsuite ignored="0" hostname="DESKTOP-77JFD19" failures="0" tests="5" name="Default test" time="0.083" errors="0" timestamp="2024-09-13T21:04:08 IST">
  <testcase classname="test.day4" name="WebloginHome" time="0.012"/>
  <testcase classname="test.day4" name="apiloginHome" time="0.004"/>
  <testcase classname="test.day4" name="apiloginHome" time="0.002"/>
  <testcase classname="test.day4" name="apiloginHome" time="0.002"/>
  <testcase classname="test.day4" name="MobileloginHome" time="0.001"/>
</testsuite> <!-- Default test -->
