<?xml version="1.0" encoding="UTF-8"?>
<testng-results ignored="0" total="12" passed="11" failed="1" skipped="0">
  <reporter-output>
  </reporter-output>
  <suite started-at="2024-09-13T21:25:21 IST" name="LoanDepartment" finished-at="2024-09-13T21:25:21 IST" duration-ms="203">
    <groups>
      <group name="smoke">
        <method signature="day3.Mobilesignincar()[pri:0, instance:test.day3@3590fc5b]" name="Mobilesignincar" class="test.day3"/>
      </group> <!-- smoke -->
    </groups>
    <test started-at="2024-09-13T21:25:21 IST" name="Personal Loan" finished-at="2024-09-13T21:25:21 IST" duration-ms="203">
      <class name="test.day4">
        <test-method signature="WebloginHome()[pri:0, instance:test.day4@515c6049]" started-at="2024-09-13T21:25:21 IST" name="WebloginHome" finished-at="2024-09-13T21:25:21 IST" duration-ms="1" status="PASS">
          <reporter-output>
          </reporter-output>
        </test-method> <!-- WebloginHome -->
        <test-method signature="apiloginHome(java.lang.String,java.lang.String)[pri:0, instance:test.day4@515c6049]" started-at="2024-09-13T21:25:21 IST" name="apiloginHome" data-provider="getData" finished-at="2024-09-13T21:25:21 IST" duration-ms="3" status="PASS">
          <params>
            <param index="0">
              <value>
                <![CDATA[username1]]>
              </value>
            </param>
            <param index="1">
              <value>
                <![CDATA[pwd1]]>
              </value>
            </param>
          </params>
          <reporter-output>
          </reporter-output>
        </test-method> <!-- apiloginHome -->
        <test-method signature="apiloginHome(java.lang.String,java.lang.String)[pri:0, instance:test.day4@515c6049]" started-at="2024-09-13T21:25:21 IST" name="apiloginHome" data-provider="getData" finished-at="2024-09-13T21:25:21 IST" duration-ms="1" status="PASS">
          <params>
            <param index="0">
              <value>
                <![CDATA[username2]]>
              </value>
            </param>
            <param index="1">
              <value>
                <![CDATA[pwd2]]>
              </value>
            </param>
          </params>
          <reporter-output>
          </reporter-output>
        </test-method> <!-- apiloginHome -->
        <test-method signature="apiloginHome(java.lang.String,java.lang.String)[pri:0, instance:test.day4@515c6049]" started-at="2024-09-13T21:25:21 IST" name="apiloginHome" data-provider="getData" finished-at="2024-09-13T21:25:21 IST" duration-ms="2" status="PASS">
          <params>
            <param index="0">
              <value>
                <![CDATA[username3]]>
              </value>
            </param>
            <param index="1">
              <value>
                <![CDATA[pwd3]]>
              </value>
            </param>
          </params>
          <reporter-output>
          </reporter-output>
        </test-method> <!-- apiloginHome -->
        <test-method signature="MobileloginHome()[pri:0, instance:test.day4@515c6049]" started-at="2024-09-13T21:25:21 IST" name="MobileloginHome" finished-at="2024-09-13T21:25:21 IST" depends-on-methods="test.day4.WebloginHome" duration-ms="2" status="PASS">
          <reporter-output>
          </reporter-output>
        </test-method> <!-- MobileloginHome -->
      </class> <!-- test.day4 -->
      <class name="test.day2">
        <test-method is-config="true" signature="prerequist()[pri:0, instance:test.day2@128d2484]" started-at="2024-09-13T21:25:21 IST" name="prerequist" finished-at="2024-09-13T21:25:21 IST" duration-ms="1" status="PASS">
          <reporter-output>
          </reporter-output>
        </test-method> <!-- prerequist -->
      </class> <!-- test.day2 -->
      <class name="test.day3">
        <test-method is-config="true" signature="bfsuite()[pri:0, instance:test.day3@3590fc5b]" started-at="2024-09-13T21:25:21 IST" name="bfsuite" finished-at="2024-09-13T21:25:21 IST" duration-ms="15" status="PASS">
          <reporter-output>
          </reporter-output>
        </test-method> <!-- bfsuite -->
        <test-method is-config="true" signature="bfclass()[pri:0, instance:test.day3@3590fc5b]" started-at="2024-09-13T21:25:21 IST" name="bfclass" finished-at="2024-09-13T21:25:21 IST" duration-ms="1" status="PASS">
          <reporter-output>
          </reporter-output>
        </test-method> <!-- bfclass -->
        <test-method is-config="true" signature="bfeverymethod()[pri:0, instance:test.day3@3590fc5b]" started-at="2024-09-13T21:25:21 IST" name="bfeverymethod" finished-at="2024-09-13T21:25:21 IST" duration-ms="1" status="PASS">
          <reporter-output>
          </reporter-output>
        </test-method> <!-- bfeverymethod -->
        <test-method signature="Mobilelogincar()[pri:0, instance:test.day3@3590fc5b]" started-at="2024-09-13T21:25:21 IST" name="Mobilelogincar" finished-at="2024-09-13T21:25:21 IST" duration-ms="3" status="PASS">
          <reporter-output>
          </reporter-output>
        </test-method> <!-- Mobilelogincar -->
        <test-method is-config="true" signature="afeverymethod()[pri:0, instance:test.day3@3590fc5b]" started-at="2024-09-13T21:25:21 IST" name="afeverymethod" finished-at="2024-09-13T21:25:21 IST" duration-ms="1" status="PASS">
          <reporter-output>
          </reporter-output>
        </test-method> <!-- afeverymethod -->
        <test-method is-config="true" signature="bfeverymethod()[pri:0, instance:test.day3@3590fc5b]" started-at="2024-09-13T21:25:21 IST" name="bfeverymethod" finished-at="2024-09-13T21:25:21 IST" duration-ms="1" status="PASS">
          <reporter-output>
          </reporter-output>
        </test-method> <!-- bfeverymethod -->
        <test-method signature="Mobilesignincar()[pri:0, instance:test.day3@3590fc5b]" started-at="2024-09-13T21:25:21 IST" name="Mobilesignincar" finished-at="2024-09-13T21:25:21 IST" duration-ms="3" status="PASS">
          <reporter-output>
          </reporter-output>
        </test-method> <!-- Mobilesignincar -->
        <test-method is-config="true" signature="afeverymethod()[pri:0, instance:test.day3@3590fc5b]" started-at="2024-09-13T21:25:21 IST" name="afeverymethod" finished-at="2024-09-13T21:25:21 IST" duration-ms="1" status="PASS">
          <reporter-output>
          </reporter-output>
        </test-method> <!-- afeverymethod -->
        <test-method is-config="true" signature="bfeverymethod()[pri:0, instance:test.day3@3590fc5b]" started-at="2024-09-13T21:25:21 IST" name="bfeverymethod" finished-at="2024-09-13T21:25:21 IST" duration-ms="1" status="PASS">
          <reporter-output>
          </reporter-output>
        </test-method> <!-- bfeverymethod -->
        <test-method signature="Mobilesignoutcar()[pri:0, instance:test.day3@3590fc5b]" started-at="2024-09-13T21:25:21 IST" name="Mobilesignoutcar" finished-at="2024-09-13T21:25:21 IST" duration-ms="4" status="PASS">
          <reporter-output>
          </reporter-output>
        </test-method> <!-- Mobilesignoutcar -->
        <test-method is-config="true" signature="afeverymethod()[pri:0, instance:test.day3@3590fc5b]" started-at="2024-09-13T21:25:21 IST" name="afeverymethod" finished-at="2024-09-13T21:25:21 IST" duration-ms="0" status="PASS">
          <reporter-output>
          </reporter-output>
        </test-method> <!-- afeverymethod -->
        <test-method signature="Weblogincar(java.lang.String)[pri:0, instance:test.day3@3590fc5b]" started-at="2024-09-13T21:25:21 IST" name="Weblogincar" finished-at="2024-09-13T21:25:21 IST" duration-ms="4" status="PASS">
          <params>
            <param index="0">
              <value>
                <![CDATA[Qaclickacademy.com]]>
              </value>
            </param>
          </params>
          <reporter-output>
          </reporter-output>
        </test-method> <!-- Weblogincar -->
        <test-method is-config="true" signature="bfeverymethod()[pri:0, instance:test.day3@3590fc5b]" started-at="2024-09-13T21:25:21 IST" name="bfeverymethod" finished-at="2024-09-13T21:25:21 IST" duration-ms="0" status="PASS">
          <reporter-output>
          </reporter-output>
        </test-method> <!-- bfeverymethod -->
        <test-method is-config="true" signature="afeverymethod()[pri:0, instance:test.day3@3590fc5b]" started-at="2024-09-13T21:25:21 IST" name="afeverymethod" finished-at="2024-09-13T21:25:21 IST" duration-ms="1" status="PASS">
          <reporter-output>
          </reporter-output>
        </test-method> <!-- afeverymethod -->
        <test-method is-config="true" signature="bfeverymethod()[pri:0, instance:test.day3@3590fc5b]" started-at="2024-09-13T21:25:21 IST" name="bfeverymethod" finished-at="2024-09-13T21:25:21 IST" duration-ms="1" status="PASS">
          <reporter-output>
          </reporter-output>
        </test-method> <!-- bfeverymethod -->
        <test-method signature="apilogincar()[pri:0, instance:test.day3@3590fc5b]" started-at="2024-09-13T21:25:21 IST" name="apilogincar" finished-at="2024-09-13T21:25:21 IST" duration-ms="2" status="PASS">
          <reporter-output>
          </reporter-output>
        </test-method> <!-- apilogincar -->
        <test-method is-config="true" signature="afeverymethod()[pri:0, instance:test.day3@3590fc5b]" started-at="2024-09-13T21:25:21 IST" name="afeverymethod" finished-at="2024-09-13T21:25:21 IST" duration-ms="2" status="PASS">
          <reporter-output>
          </reporter-output>
        </test-method> <!-- afeverymethod -->
        <test-method is-config="true" signature="afclass()[pri:0, instance:test.day3@3590fc5b]" started-at="2024-09-13T21:25:21 IST" name="afclass" finished-at="2024-09-13T21:25:21 IST" duration-ms="0" status="PASS">
          <reporter-output>
          </reporter-output>
        </test-method> <!-- afclass -->
      </class> <!-- test.day3 -->
      <class name="test.day1">
        <test-method signature="demo(java.lang.String)[pri:0, instance:test.day1@41d477ed]" started-at="2024-09-13T21:25:21 IST" name="demo" finished-at="2024-09-13T21:25:21 IST" duration-ms="9" status="PASS">
          <params>
            <param index="0">
              <value>
                <![CDATA[Qaclickacademy.com]]>
              </value>
            </param>
          </params>
          <reporter-output>
          </reporter-output>
        </test-method> <!-- demo -->
        <test-method signature="demo1()[pri:0, instance:test.day1@41d477ed]" started-at="2024-09-13T21:25:21 IST" name="demo1" finished-at="2024-09-13T21:25:21 IST" duration-ms="54" status="FAIL">
          <exception class="java.lang.AssertionError">
            <message>
              <![CDATA[expected [true] but found [false]]]>
            </message>
            <full-stacktrace>
              <![CDATA[java.lang.AssertionError: expected [true] but found [false]
at org.testng.Assert.fail(Assert.java:111)
at org.testng.Assert.failNotEquals(Assert.java:1578)
at org.testng.Assert.assertTrue(Assert.java:57)
at org.testng.Assert.assertTrue(Assert.java:67)
at test.day1.demo1(day1.java:35)
at java.base/jdk.internal.reflect.DirectMethodHandleAccessor.invoke(DirectMethodHandleAccessor.java:103)
at java.base/java.lang.reflect.Method.invoke(Method.java:580)
at org.testng.internal.invokers.MethodInvocationHelper.invokeMethod(MethodInvocationHelper.java:141)
at org.testng.internal.invokers.TestInvoker.invokeMethod(TestInvoker.java:686)
at org.testng.internal.invokers.TestInvoker.invokeTestMethod(TestInvoker.java:230)
at org.testng.internal.invokers.MethodRunner.runInSequence(MethodRunner.java:63)
at org.testng.internal.invokers.TestInvoker$MethodInvocationAgent.invoke(TestInvoker.java:992)
at org.testng.internal.invokers.TestInvoker.invokeTestMethods(TestInvoker.java:203)
at org.testng.internal.invokers.TestMethodWorker.invokeTestMethods(TestMethodWorker.java:154)
at org.testng.internal.invokers.TestMethodWorker.run(TestMethodWorker.java:134)
at java.base/java.util.ArrayList.forEach(ArrayList.java:1596)
at org.testng.TestRunner.privateRun(TestRunner.java:739)
at org.testng.TestRunner.run(TestRunner.java:614)
at org.testng.SuiteRunner.runTest(SuiteRunner.java:421)
at org.testng.SuiteRunner.runSequentially(SuiteRunner.java:413)
at org.testng.SuiteRunner.privateRun(SuiteRunner.java:373)
at org.testng.SuiteRunner.run(SuiteRunner.java:312)
at org.testng.SuiteRunnerWorker.runSuite(SuiteRunnerWorker.java:52)
at org.testng.SuiteRunnerWorker.run(SuiteRunnerWorker.java:95)
at org.testng.TestNG.runSuitesSequentially(TestNG.java:1274)
at org.testng.TestNG.runSuitesLocally(TestNG.java:1208)
at org.testng.TestNG.runSuites(TestNG.java:1112)
at org.testng.TestNG.run(TestNG.java:1079)
at org.testng.remote.AbstractRemoteTestNG.run(AbstractRemoteTestNG.java:115)
at org.testng.remote.RemoteTestNG.initAndRun(RemoteTestNG.java:293)
at org.testng.remote.RemoteTestNG.main(RemoteTestNG.java:91)
]]>
            </full-stacktrace>
          </exception> <!-- java.lang.AssertionError -->
          <reporter-output>
          </reporter-output>
        </test-method> <!-- demo1 -->
        <test-method is-config="true" signature="postrequisit()[pri:0, instance:test.day1@41d477ed]" started-at="2024-09-13T21:25:21 IST" name="postrequisit" finished-at="2024-09-13T21:25:21 IST" duration-ms="0" status="PASS">
          <reporter-output>
          </reporter-output>
        </test-method> <!-- postrequisit -->
        <test-method is-config="true" signature="bfsuite()[pri:0, instance:test.day1@41d477ed]" started-at="2024-09-13T21:25:21 IST" name="bfsuite" finished-at="2024-09-13T21:25:21 IST" duration-ms="0" status="PASS">
          <reporter-output>
          </reporter-output>
        </test-method> <!-- bfsuite -->
      </class> <!-- test.day1 -->
    </test> <!-- Personal Loan -->
  </suite> <!-- LoanDepartment -->
</testng-results>
