<?xml version="1.0" encoding="UTF-8"?>
<!-- Generated by org.testng.reporters.JUnitXMLReporter -->
<testsuite ignored="0" hostname="DESKTOP-77JFD19" failures="0" tests="5" name="Car Loan" time="0.037" errors="0" timestamp="2024-09-13T16:37:51 IST">
  <testcase classname="test.day3" name="Mobilelogincar" time="0.002"/>
  <testcase classname="test.day3" name="Mobilesignincar" time="0.001"/>
  <testcase classname="test.day3" name="Mobilesignoutcar" time="0.001"/>
  <testcase classname="test.day3" name="Weblogincar" time="0.001"/>
  <testcase classname="test.day3" name="apilogincar" time="0.001"/>
</testsuite> <!-- Car Loan -->
