<?xml version="1.0" encoding="UTF-8"?>
<!-- Generated by org.testng.reporters.JUnitXMLReporter -->
<testsuite ignored="7" hostname="DESKTOP-77JFD19" failures="0" tests="4" name="Regression" time="0.11" errors="0" timestamp="2024-09-13T16:12:47 IST">
  <testcase classname="test.day2" name="ploan" time="0.018"/>
  <testcase classname="test.day1" name="demo" time="0.002"/>
  <testcase classname="test.day4" name="MobileloginHome" time="0.001"/>
  <testcase classname="test.day3" name="Mobilesignincar" time="0.002"/>
  <testcase classname="test.day4" name="apiloginHome" time="0.0">
    <ignored/>
  </testcase> <!-- apiloginHome -->
  <testcase classname="test.day3" name="Weblogincar" time="0.0">
    <ignored/>
  </testcase> <!-- Weblogincar -->
  <testcase classname="test.day1" name="demo1" time="0.0">
    <ignored/>
  </testcase> <!-- demo1 -->
  <testcase classname="test.day3" name="apilogincar" time="0.0">
    <ignored/>
  </testcase> <!-- apilogincar -->
  <testcase classname="test.day3" name="Mobilelogincar" time="0.0">
    <ignored/>
  </testcase> <!-- Mobilelogincar -->
  <testcase classname="test.day3" name="Mobilesignoutcar" time="0.0">
    <ignored/>
  </testcase> <!-- Mobilesignoutcar -->
  <testcase classname="test.day4" name="WebloginHome" time="0.0">
    <ignored/>
  </testcase> <!-- WebloginHome -->
</testsuite> <!-- Regression -->
